c:\users\bioxgem\downloads\totoro_0616_1\totoro_0605\chihuahua\chihuahua\x64\debug\vc143.pdb
c:\users\bioxgem\downloads\totoro_0616_1\totoro_0605\chihuahua\chihuahua\x64\debug\vc143.idb
c:\users\bioxgem\downloads\totoro_0616_1\totoro_0605\chihuahua\chihuahua\x64\debug\text.obj
c:\users\bioxgem\downloads\totoro_0616_1\totoro_0605\chihuahua\chihuahua\x64\debug\system.obj
c:\users\bioxgem\downloads\totoro_0616_1\totoro_0605\chihuahua\chihuahua\x64\debug\star.obj
c:\users\bioxgem\downloads\totoro_0616_1\totoro_0605\chihuahua\chihuahua\x64\debug\score.obj
c:\users\bioxgem\downloads\totoro_0616_1\totoro_0605\chihuahua\chihuahua\x64\debug\role.obj
c:\users\bioxgem\downloads\totoro_0616_1\totoro_0605\chihuahua\chihuahua\x64\debug\renderwindow.obj
c:\users\bioxgem\downloads\totoro_0616_1\totoro_0605\chihuahua\chihuahua\x64\debug\playerrole.obj
c:\users\bioxgem\downloads\totoro_0616_1\totoro_0605\chihuahua\chihuahua\x64\debug\mixer.obj
c:\users\bioxgem\downloads\totoro_0616_1\totoro_0605\chihuahua\chihuahua\x64\debug\main.obj
c:\users\bioxgem\downloads\totoro_0616_1\totoro_0605\chihuahua\chihuahua\x64\debug\item.obj
c:\users\bioxgem\downloads\totoro_0616_1\totoro_0605\chihuahua\chihuahua\x64\debug\image.obj
c:\users\bioxgem\downloads\totoro_0616_1\totoro_0605\chihuahua\chihuahua\x64\debug\floor.obj
c:\users\bioxgem\downloads\totoro_0616_1\totoro_0605\chihuahua\chihuahua\x64\debug\background.obj
c:\users\bioxgem\desktop\nctu\碩一下課程\物件導向\totoro_0616_1\totoro_0605\chihuahua\chihuahua\x64\debug\vc143.pdb
c:\users\bioxgem\desktop\nctu\碩一下課程\物件導向\totoro_0616_1\totoro_0605\chihuahua\chihuahua\x64\debug\vc143.idb
c:\users\bioxgem\desktop\nctu\碩一下課程\物件導向\totoro_0616_1\totoro_0605\chihuahua\chihuahua\x64\debug\text.obj
c:\users\bioxgem\desktop\nctu\碩一下課程\物件導向\totoro_0616_1\totoro_0605\chihuahua\chihuahua\x64\debug\system.obj
c:\users\bioxgem\desktop\nctu\碩一下課程\物件導向\totoro_0616_1\totoro_0605\chihuahua\chihuahua\x64\debug\star.obj
c:\users\bioxgem\desktop\nctu\碩一下課程\物件導向\totoro_0616_1\totoro_0605\chihuahua\chihuahua\x64\debug\score.obj
c:\users\bioxgem\desktop\nctu\碩一下課程\物件導向\totoro_0616_1\totoro_0605\chihuahua\chihuahua\x64\debug\role.obj
c:\users\bioxgem\desktop\nctu\碩一下課程\物件導向\totoro_0616_1\totoro_0605\chihuahua\chihuahua\x64\debug\renderwindow.obj
c:\users\bioxgem\desktop\nctu\碩一下課程\物件導向\totoro_0616_1\totoro_0605\chihuahua\chihuahua\x64\debug\playerrole.obj
c:\users\bioxgem\desktop\nctu\碩一下課程\物件導向\totoro_0616_1\totoro_0605\chihuahua\chihuahua\x64\debug\mixer.obj
c:\users\bioxgem\desktop\nctu\碩一下課程\物件導向\totoro_0616_1\totoro_0605\chihuahua\chihuahua\x64\debug\main.obj
c:\users\bioxgem\desktop\nctu\碩一下課程\物件導向\totoro_0616_1\totoro_0605\chihuahua\chihuahua\x64\debug\item.obj
c:\users\bioxgem\desktop\nctu\碩一下課程\物件導向\totoro_0616_1\totoro_0605\chihuahua\chihuahua\x64\debug\image.obj
c:\users\bioxgem\desktop\nctu\碩一下課程\物件導向\totoro_0616_1\totoro_0605\chihuahua\chihuahua\x64\debug\floor.obj
c:\users\bioxgem\desktop\nctu\碩一下課程\物件導向\totoro_0616_1\totoro_0605\chihuahua\chihuahua\x64\debug\background.obj
c:\users\bioxgem\downloads\totoro_0616_1\totoro_0605\chihuahua\x64\debug\chihuahua.exe
c:\users\bioxgem\downloads\totoro_0616_1\totoro_0605\chihuahua\chihuahua\x64\debug\chihuahua.ilk
c:\users\bioxgem\downloads\totoro_0616_1\totoro_0605\chihuahua\x64\debug\chihuahua.pdb
c:\users\bioxgem\desktop\nctu\碩一下課程\物件導向\totoro_0616_1\totoro_0605\chihuahua\x64\debug\chihuahua.exe
c:\users\bioxgem\desktop\nctu\碩一下課程\物件導向\totoro_0616_1\totoro_0605\chihuahua\chihuahua\x64\debug\chihuahua.ilk
c:\users\bioxgem\desktop\nctu\碩一下課程\物件導向\totoro_0616_1\totoro_0605\chihuahua\x64\debug\chihuahua.pdb
c:\users\bioxgem\desktop\nctu\碩一下課程\物件導向\totoro_0616_1\totoro_0605\chihuahua\chihuahua\x64\debug\chihuahua.tlog\cl.command.1.tlog
c:\users\bioxgem\desktop\nctu\碩一下課程\物件導向\totoro_0616_1\totoro_0605\chihuahua\chihuahua\x64\debug\chihuahua.tlog\cl.read.1.tlog
c:\users\bioxgem\desktop\nctu\碩一下課程\物件導向\totoro_0616_1\totoro_0605\chihuahua\chihuahua\x64\debug\chihuahua.tlog\cl.write.1.tlog
c:\users\bioxgem\desktop\nctu\碩一下課程\物件導向\totoro_0616_1\totoro_0605\chihuahua\chihuahua\x64\debug\chihuahua.tlog\link.command.1.tlog
c:\users\bioxgem\desktop\nctu\碩一下課程\物件導向\totoro_0616_1\totoro_0605\chihuahua\chihuahua\x64\debug\chihuahua.tlog\link.read.1.tlog
c:\users\bioxgem\desktop\nctu\碩一下課程\物件導向\totoro_0616_1\totoro_0605\chihuahua\chihuahua\x64\debug\chihuahua.tlog\link.write.1.tlog
